<?xml version="1.0" encoding="UTF-8"?>
<!-- Generated by org.testng.reporters.JUnitReportReporter -->
<testsuite hostname="WIN-IDC4DM47DLL" name="practice.GBP_To_INR" tests="2" failures="0" timestamp="17 Feb 2020 21:41:14 GMT" time="6.447" errors="0">
  <testcase name="sendEmail" time="1.036" classname="practice.GBP_To_INR"/>
  <testcase name="convertGBPToInr" time="5.411" classname="practice.GBP_To_INR"/>
</testsuite> <!-- practice.GBP_To_INR -->
